2020-12-02 23:37:33 INFO  HomePage:17 - Opening website
2020-12-02 23:37:34 INFO  HomePage:17 - Opening website
2020-12-02 23:37:36 INFO  HomePage:17 - Opening website
2020-12-02 23:37:38 INFO  HomePage:17 - Opening website
2020-12-02 23:37:39 INFO  HomePage:17 - Opening website
2020-12-02 23:37:40 INFO  HomePage:17 - Opening website
2020-12-02 23:37:41 INFO  HomePage:17 - Opening website
2020-12-02 23:37:41 INFO  HomePage:17 - Opening website
2020-12-02 23:37:42 INFO  HomePage:17 - Opening website
2020-12-02 23:37:43 INFO  HomePage:17 - Opening website
2020-12-02 23:37:44 INFO  HomePage:17 - Opening website
2020-12-02 23:37:45 INFO  HomePage:17 - Opening website
2020-12-10 22:51:57 INFO  HomePage:17 - Opening website
2020-12-10 22:51:58 INFO  HomePage:17 - Opening website
2020-12-10 22:51:59 INFO  HomePage:17 - Opening website
2020-12-10 22:52:02 INFO  HomePage:17 - Opening website
2020-12-10 22:52:03 INFO  HomePage:17 - Opening website
2020-12-10 22:52:04 INFO  HomePage:17 - Opening website
2020-12-10 22:52:05 INFO  HomePage:17 - Opening website
2020-12-10 22:52:06 INFO  HomePage:17 - Opening website
2020-12-10 22:52:07 INFO  HomePage:17 - Opening website
2020-12-10 22:52:07 INFO  HomePage:17 - Opening website
2020-12-10 22:52:08 INFO  HomePage:17 - Opening website
2020-12-10 22:52:09 INFO  HomePage:17 - Opening website
2020-12-20 23:36:01 INFO  HomePage:17 - Opening website
2020-12-20 23:36:03 INFO  HomePage:17 - Opening website
2020-12-20 23:36:04 INFO  HomePage:17 - Opening website
2020-12-20 23:36:05 INFO  HomePage:17 - Opening website
2020-12-20 23:36:06 INFO  HomePage:17 - Opening website
2020-12-20 23:36:07 INFO  HomePage:17 - Opening website
2020-12-20 23:36:08 INFO  HomePage:17 - Opening website
2020-12-20 23:36:09 INFO  HomePage:17 - Opening website
2020-12-20 23:36:09 INFO  HomePage:17 - Opening website
2020-12-20 23:36:10 INFO  HomePage:17 - Opening website
2020-12-20 23:36:11 INFO  HomePage:17 - Opening website
2020-12-20 23:36:12 INFO  HomePage:17 - Opening website
2020-12-29 21:44:41 INFO  HomePage:17 - Opening website
2020-12-29 22:58:18 INFO  HomePage:17 - Opening website
2020-12-29 23:02:28 INFO  HomePage:17 - Opening Sahibinden
2020-12-29 23:02:59 INFO  HomePage:17 - Opening Sahibinden
2020-12-29 23:09:09 INFO  HomePage:17 - Opening Sahibinden
2020-12-29 23:09:09 INFO  TitleControl:34 - Sayfa baslik kontrolü yapılıyor
2020-12-29 23:14:55 INFO  HomePage:17 - Opening Sahibinden
2020-12-29 23:14:55 INFO  TitleControl:34 - Sayfa baslik kontrolü yapılıyor
2020-12-29 23:14:55 ERROR TitleControl:38 - Sayfa Başlığında Hata var
2020-12-29 23:56:01 INFO  HomePage:18 - Opening Sahibinden
2020-12-29 23:56:06 INFO  Login:32 - Beni Hatırla İşaretlendi
2020-12-29 23:56:07 INFO  Login:34 - Login Sayfasında Giriş yap butonuna tıklandı
2020-12-29 23:57:03 INFO  HomePage:18 - Opening Sahibinden
2020-12-29 23:57:58 INFO  HomePage:18 - Opening Sahibinden
2020-12-29 23:58:03 INFO  Login:33 - Beni Hatırla İşaretlendi
2020-12-29 23:58:04 INFO  Login:35 - Login Sayfasında Giriş yap butonuna tıklandı
2020-12-30 00:01:29 INFO  HomePage:18 - Opening Sahibinden
2020-12-30 00:01:34 INFO  Login:39 - Beni Hatırla İşaretlendi
2020-12-30 00:01:35 INFO  Login:41 - Login Sayfasında Giriş yap butonuna tıklandı
2020-12-30 00:05:33 INFO  HomePage:18 - Opening Sahibinden
2020-12-30 00:05:38 INFO  Login:39 - Beni Hatırla İşaretlendi
2020-12-30 00:05:39 INFO  Login:41 - Login Sayfasında Giriş yap butonuna tıklandı
2020-12-30 00:06:17 INFO  HomePage:18 - Opening Sahibinden
2020-12-30 00:06:23 INFO  Login:39 - Beni Hatırla İşaretlendi
2020-12-30 00:06:24 INFO  Login:41 - Login Sayfasında Giriş yap butonuna tıklandı
2020-12-30 00:07:37 INFO  HomePage:18 - Opening Sahibinden
2020-12-30 00:07:42 INFO  Login:39 - Beni Hatırla İşaretlendi
2020-12-30 00:07:43 INFO  Login:41 - Login Sayfasında Giriş yap butonuna tıklandı
